# JRE version: Java(TM) SE Runtime Environment (8.0_321-b07) (build 1.8.0_321-b07)
# Java VM: Java HotSpot(TM) 64-Bit Server VM (25.321-b07 mixed mode windows-amd64 compressed oops)
Heap:
 PSYoungGen      total 2792960K, used 128K [0x0000000715580000, 0x00000007c0000000, 0x00000007c0000000)
  eden space 2789888K, 0% used [0x0000000715580000,0x0000000715580000,0x00000007bfa00000)
  from space 3072K, 4% used [0x00000007bfd00000,0x00000007bfd20000,0x00000007c0000000)
  to   space 3072K, 0% used [0x00000007bfa00000,0x00000007bfa00000,0x00000007bfd00000)
 ParOldGen       total 5592576K, used 461721K [0x00000005c0000000, 0x0000000715580000, 0x0000000715580000)
  object space 5592576K, 8% used [0x00000005c0000000,0x00000005dc2e64b8,0x0000000715580000)
 Metaspace       used 90425K, capacity 92676K, committed 92928K, reserved 1128448K
  class space    used 13316K, capacity 14002K, committed 14080K, reserved 1048576K
GC Heap History (10 events):
Event: 7694.161 GC heap after
Heap after GC invocations=30556 (full 15248):
 PSYoungGen      total 2792448K, used 128K [0x0000000715580000, 0x00000007c0000000, 0x00000007c0000000)
  eden space 2788864K, 0% used [0x0000000715580000,0x0000000715580000,0x00000007bf900000)
  from space 3584K, 3% used [0x00000007bfc80000,0x00000007bfca0000,0x00000007c0000000)
  to   space 3584K, 0% used [0x00000007bf900000,0x00000007bf900000,0x00000007bfc80000)
 ParOldGen       total 5592576K, used 461721K [0x00000005c0000000, 0x0000000715580000, 0x0000000715580000)
  object space 5592576K, 8% used [0x00000005c0000000,0x00000005dc2e64b8,0x0000000715580000)
 Metaspace       used 90425K, capacity 92676K, committed 92928K, reserved 1128448K
  class space    used 13316K, capacity 14002K, committed 14080K, reserved 1048576K
}
Event: 7694.161 GC heap before
{Heap before GC invocations=30557 (full 15249):
 PSYoungGen      total 2792448K, used 128K [0x0000000715580000, 0x00000007c0000000, 0x00000007c0000000)
  eden space 2788864K, 0% used [0x0000000715580000,0x0000000715580000,0x00000007bf900000)
  from space 3584K, 3% used [0x00000007bfc80000,0x00000007bfca0000,0x00000007c0000000)
  to   space 3584K, 0% used [0x00000007bf900000,0x00000007bf900000,0x00000007bfc80000)
 ParOldGen       total 5592576K, used 461721K [0x00000005c0000000, 0x0000000715580000, 0x0000000715580000)
  object space 5592576K, 8% used [0x00000005c0000000,0x00000005dc2e64b8,0x0000000715580000)
 Metaspace       used 90425K, capacity 92676K, committed 92928K, reserved 1128448K
  class space    used 13316K, capacity 14002K, committed 14080K, reserved 1048576K
Event: 7694.279 GC heap after
Heap after GC invocations=30557 (full 15249):
 PSYoungGen      total 2792448K, used 0K [0x0000000715580000, 0x00000007c0000000, 0x00000007c0000000)
  eden space 2788864K, 0% used [0x0000000715580000,0x0000000715580000,0x00000007bf900000)
  from space 3584K, 0% used [0x00000007bfc80000,0x00000007bfc80000,0x00000007c0000000)
  to   space 3584K, 0% used [0x00000007bf900000,0x00000007bf900000,0x00000007bfc80000)
 ParOldGen       total 5592576K, used 461721K [0x00000005c0000000, 0x0000000715580000, 0x0000000715580000)
  object space 5592576K, 8% used [0x00000005c0000000,0x00000005dc2e64b8,0x0000000715580000)
 Metaspace       used 90425K, capacity 92676K, committed 92928K, reserved 1128448K
  class space    used 13316K, capacity 14002K, committed 14080K, reserved 1048576K
}
Event: 7694.661 GC heap before
{Heap before GC invocations=30558 (full 15249):
 PSYoungGen      total 2792448K, used 44621K [0x0000000715580000, 0x00000007c0000000, 0x00000007c0000000)
  eden space 2788864K, 1% used [0x0000000715580000,0x0000000718113798,0x00000007bf900000)
  from space 3584K, 0% used [0x00000007bfc80000,0x00000007bfc80000,0x00000007c0000000)
  to   space 3584K, 0% used [0x00000007bf900000,0x00000007bf900000,0x00000007bfc80000)
 ParOldGen       total 5592576K, used 461721K [0x00000005c0000000, 0x0000000715580000, 0x0000000715580000)
  object space 5592576K, 8% used [0x00000005c0000000,0x00000005dc2e64b8,0x0000000715580000)
 Metaspace       used 90425K, capacity 92676K, committed 92928K, reserved 1128448K
  class space    used 13316K, capacity 14002K, committed 14080K, reserved 1048576K
Event: 7694.663 GC heap after
Heap after GC invocations=30558 (full 15249):
 PSYoungGen      total 2792448K, used 128K [0x0000000715580000, 0x00000007c0000000, 0x00000007c0000000)
  eden space 2788864K, 0% used [0x0000000715580000,0x0000000715580000,0x00000007bf900000)
  from space 3584K, 3% used [0x00000007bf900000,0x00000007bf920000,0x00000007bfc80000)
  to   space 3072K, 0% used [0x00000007bfd00000,0x00000007bfd00000,0x00000007c0000000)
 ParOldGen       total 5592576K, used 461721K [0x00000005c0000000, 0x0000000715580000, 0x0000000715580000)
  object space 5592576K, 8% used [0x00000005c0000000,0x00000005dc2e64b8,0x0000000715580000)
 Metaspace       used 90425K, capacity 92676K, committed 92928K, reserved 1128448K
  class space    used 13316K, capacity 14002K, committed 14080K, reserved 1048576K
}
Event: 7694.663 GC heap before
{Heap before GC invocations=30559 (full 15250):
 PSYoungGen      total 2792448K, used 128K [0x0000000715580000, 0x00000007c0000000, 0x00000007c0000000)
  eden space 2788864K, 0% used [0x0000000715580000,0x0000000715580000,0x00000007bf900000)
  from space 3584K, 3% used [0x00000007bf900000,0x00000007bf920000,0x00000007bfc80000)
  to   space 3072K, 0% used [0x00000007bfd00000,0x00000007bfd00000,0x00000007c0000000)
 ParOldGen       total 5592576K, used 461721K [0x00000005c0000000, 0x0000000715580000, 0x0000000715580000)
  object space 5592576K, 8% used [0x00000005c0000000,0x00000005dc2e64b8,0x0000000715580000)
 Metaspace       used 90425K, capacity 92676K, committed 92928K, reserved 1128448K
  class space    used 13316K, capacity 14002K, committed 14080K, reserved 1048576K
Event: 7694.785 GC heap after
Heap after GC invocations=30559 (full 15250):
 PSYoungGen      total 2792448K, used 0K [0x0000000715580000, 0x00000007c0000000, 0x00000007c0000000)
  eden space 2788864K, 0% used [0x0000000715580000,0x0000000715580000,0x00000007bf900000)
  from space 3584K, 0% used [0x00000007bf900000,0x00000007bf900000,0x00000007bfc80000)
  to   space 3072K, 0% used [0x00000007bfd00000,0x00000007bfd00000,0x00000007c0000000)
 ParOldGen       total 5592576K, used 461721K [0x00000005c0000000, 0x0000000715580000, 0x0000000715580000)
  object space 5592576K, 8% used [0x00000005c0000000,0x00000005dc2e64b8,0x0000000715580000)
 Metaspace       used 90425K, capacity 92676K, committed 92928K, reserved 1128448K
  class space    used 13316K, capacity 14002K, committed 14080K, reserved 1048576K
}
Event: 7695.163 GC heap before
{Heap before GC invocations=30560 (full 15250):
 PSYoungGen      total 2792448K, used 44621K [0x0000000715580000, 0x00000007c0000000, 0x00000007c0000000)
  eden space 2788864K, 1% used [0x0000000715580000,0x0000000718113798,0x00000007bf900000)
  from space 3584K, 0% used [0x00000007bf900000,0x00000007bf900000,0x00000007bfc80000)
  to   space 3072K, 0% used [0x00000007bfd00000,0x00000007bfd00000,0x00000007c0000000)
 ParOldGen       total 5592576K, used 461721K [0x00000005c0000000, 0x0000000715580000, 0x0000000715580000)
  object space 5592576K, 8% used [0x00000005c0000000,0x00000005dc2e64b8,0x0000000715580000)
 Metaspace       used 90425K, capacity 92676K, committed 92928K, reserved 1128448K
  class space    used 13316K, capacity 14002K, committed 14080K, reserved 1048576K
Event: 7695.165 GC heap after
Heap after GC invocations=30560 (full 15250):
 PSYoungGen      total 2792960K, used 128K [0x0000000715580000, 0x00000007c0000000, 0x00000007c0000000)
  eden space 2789888K, 0% used [0x0000000715580000,0x0000000715580000,0x00000007bfa00000)
  from space 3072K, 4% used [0x00000007bfd00000,0x00000007bfd20000,0x00000007c0000000)
  to   space 3072K, 0% used [0x00000007bfa00000,0x00000007bfa00000,0x00000007bfd00000)
 ParOldGen       total 5592576K, used 461721K [0x00000005c0000000, 0x0000000715580000, 0x0000000715580000)
  object space 5592576K, 8% used [0x00000005c0000000,0x00000005dc2e64b8,0x0000000715580000)
 Metaspace       used 90425K, capacity 92676K, committed 92928K, reserved 1128448K
  class space    used 13316K, capacity 14002K, committed 14080K, reserved 1048576K
}
Event: 7695.165 GC heap before
{Heap before GC invocations=30561 (full 15251):
 PSYoungGen      total 2792960K, used 128K [0x0000000715580000, 0x00000007c0000000, 0x00000007c0000000)
  eden space 2789888K, 0% used [0x0000000715580000,0x0000000715580000,0x00000007bfa00000)
  from space 3072K, 4% used [0x00000007bfd00000,0x00000007bfd20000,0x00000007c0000000)
  to   space 3072K, 0% used [0x00000007bfa00000,0x00000007bfa00000,0x00000007bfd00000)
 ParOldGen       total 5592576K, used 461721K [0x00000005c0000000, 0x0000000715580000, 0x0000000715580000)
  object space 5592576K, 8% used [0x00000005c0000000,0x00000005dc2e64b8,0x0000000715580000)
 Metaspace       used 90425K, capacity 92676K, committed 92928K, reserved 1128448K
  class space    used 13316K, capacity 14002K, committed 14080K, reserved 1048576K

